#
# A fatal error has been detected by the Java Runtime Environment:
#
#  EXCEPTION_ACCESS_VIOLATION (0xc0000005) at pc=0x00007ffe0d69c4a9, pid=30536, tid=7564
#
# JRE version: Java(TM) SE Runtime Environment (18.0.2.1+1) (build 18.0.2.1+1-1)
# Java VM: Java HotSpot(TM) 64-Bit Server VM (18.0.2.1+1-1, mixed mode, sharing, tiered, compressed oops, compressed class ptrs, g1 gc, windows-amd64)
# Problematic frame:
# C  [lwjgl_opengl.dll+0xc4a9]
#
# No core dump will be written. Minidumps are not enabled by default on client versions of Windows
#
# If you would like to submit a bug report, please visit:
#   https://bugreport.java.com/bugreport/crash.jsp
# The crash happened outside the Java Virtual Machine in native code.
# See problematic frame for where to report the bug.
#

---------------  S U M M A R Y ------------

Command Line: -Dfile.encoding=UTF-8 -Dstdout.encoding=UTF-8 -Dstderr.encoding=UTF-8 -XX:+ShowCodeDetailsInExceptionMessages com.minecraftclone.Main

Host: 13th Gen Intel(R) Core(TM) i7-1355U, 12 cores, 15G,  Windows 11 , 64 bit Build 26100 (10.0.26100.3037)
Time: Sun Feb  9 15:11:52 2025 ora solare Europa occidentale elapsed time: 0.260089 seconds (0d 0h 0m 0s)

---------------  T H R E A D  ---------------

Current thread (0x00000218cc489e10):  JavaThread "main" [_thread_in_native, id=7564, stack(0x000000d4f7300000,0x000000d4f7400000)]

Stack: [0x000000d4f7300000,0x000000d4f7400000],  sp=0x000000d4f73ff4b8,  free space=1021k
Native frames: (J=compiled Java code, j=interpreted, Vv=VM code, C=native code)
C  [lwjgl_opengl.dll+0xc4a9]

Java frames: (J=compiled Java code, j=interpreted, Vv=VM code)
j  org.lwjgl.opengl.GL11C.glClearColor(FFFF)V+0
j  org.lwjgl.opengl.GL11.glClearColor(FFFF)V+4
j  com.minecraftclone.Main.initWindow()V+22
j  com.minecraftclone.Main.runClient()V+1
j  com.minecraftclone.Main.run()V+15
j  com.minecraftclone.Main.main([Ljava/lang/String;)V+31
v  ~StubRoutines::call_stub

siginfo: EXCEPTION_ACCESS_VIOLATION (0xc0000005), reading address 0x0000000000000070


Register to memory mapping:

RIP=0x00007ffe0d69c4a9 lwjgl_opengl.dll
RAX=0x00000218f38dd310 points into unknown readable memory: 0x0000000000000000 | 00 00 00 00 00 00 00 00
RBX={method} {0x00000218efd0bcc8} 'glClearColor' '(FFFF)V' in 'org/lwjgl/opengl/GL11C'
RCX=0x0 is NULL
RDX=0x000000d4f73ff560 is pointing into the stack for thread: 0x00000218cc489e10
RSP=0x000000d4f73ff4b8 is pointing into the stack for thread: 0x00000218cc489e10
RBP=0x000000d4f73ff550 is pointing into the stack for thread: 0x00000218cc489e10
RSI=0x000000d4f73ffbd0 is pointing into the stack for thread: 0x00000218cc489e10
RDI=0x00000218d3db9612 is at code_begin+1394 in an Interpreter codelet
return entry points  [0x00000218d3db90a0, 0x00000218d3db9ba0]  2816 bytes
R8 =0x0000000000000002 is an unknown value
R9 =0x0000000000000002 is an unknown value
R10=0x00000218d3dbd5f2 is at code_begin+946 in an Interpreter codelet
method entry point (kind = native)  [0x00000218d3dbd240, 0x00000218d3dbdbc0]  2432 bytes
R11=0x000000071517efb0 is an oop: java.lang.Class 
{0x000000071517efb0} - klass: 'java/lang/Class'
 - ---- fields (total size 116 words):
 - private volatile transient 'classRedefinedCount' 'I' @12  0
 - abstract internal 'klass' 'J' @16  34372405856 (c14a60 8)
 - abstract internal 'array_klass' 'J' @24  0 (0 0)
 - abstract internal 'oop_size' 'I' @32  116 (74)
 - abstract internal 'static_oop_field_count' 'I' @36  0
 - private volatile transient 'cachedConstructor' 'Ljava/lang/reflect/Constructor;' @40  NULL (0)
 - private transient 'name' 'Ljava/lang/String;' @44  "org.lwjgl.opengl.GL11C"{0x000000071517f360} (e2a2fe6c)
 - private transient 'module' 'Ljava/lang/Module;' @48  a 'java/lang/Module'{0x00000007154e68f8} (e2a9cd1f)
 - private final 'classLoader' 'Ljava/lang/ClassLoader;' @52  a 'jdk/internal/loader/ClassLoaders$AppClassLoader'{0x00000007154e6738} (e2a9cce7)
 - private transient 'classData' 'Ljava/lang/Object;' @56  NULL (0)
 - private transient 'packageName' 'Ljava/lang/String;' @60  "org.lwjgl.opengl"{0x00000007150d58d0} (e2a1ab1a)
 - private final 'componentType' 'Ljava/lang/Class;' @64  NULL (0)
 - private volatile transient 'reflectionData' 'Ljava/lang/ref/SoftReference;' @68  NULL (0)
 - private volatile transient 'genericInfo' 'Lsun/reflect/generics/repository/ClassRepository;' @72  NULL (0)
 - private volatile transient 'enumConstants' '[Ljava/lang/Object;' @76  NULL (0)
 - private volatile transient 'enumConstantDirectory' 'Ljava/util/Map;' @80  NULL (0)
 - private volatile transient 'annotationData' 'Ljava/lang/Class$AnnotationData;' @84  NULL (0)
 - private volatile transient 'annotationType' 'Lsun/reflect/annotation/AnnotationType;' @88  NULL (0)
 - transient 'classValueMap' 'Ljava/lang/ClassValue$ClassValueMap;' @92  NULL (0)
 - abstract internal 'protection_domain' 'Ljava/lang/Object;' @96  a 'java/security/ProtectionDomain'{0x0000000715116408} (e2a22c81)
 - abstract internal 'signers_name' 'Ljava/lang/Object;' @100  NULL (0)
 - abstract internal 'source_file' 'Ljava/lang/Object;' @104  NULL (0)
 - signature: Lorg/lwjgl/opengl/GL11C;
 - ---- static fields (0):
 - public static final 'GL_NEVER' 'I' @112  512 (200)
 - public static final 'GL_LESS' 'I' @116  513 (201)
 - public static final 'GL_EQUAL' 'I' @120  514 (202)
 - public static final 'GL_LEQUAL' 'I' @124  515 (203)
 - public static final 'GL_GREATER' 'I' @128  516 (204)
 - public static final 'GL_NOTEQUAL' 'I' @132  517 (205)
 - public static final 'GL_GEQUAL' 'I' @136  518 (206)
 - public static final 'GL_ALWAYS' 'I' @140  519 (207)
 - public static final 'GL_DEPTH_BUFFER_BIT' 'I' @144  256 (100)
 - public static final 'GL_STENCIL_BUFFER_BIT' 'I' @148  1024 (400)
 - public static final 'GL_COLOR_BUFFER_BIT' 'I' @152  16384 (4000)
 - public static final 'GL_POINTS' 'I' @156  0
 - public static final 'GL_LINES' 'I' @160  1
 - public static final 'GL_LINE_LOOP' 'I' @164  2
 - public static final 'GL_LINE_STRIP' 'I' @168  3
 - public static final 'GL_TRIANGLES' 'I' @172  4
 - public static final 'GL_TRIANGLE_STRIP' 'I' @176  5
 - public static final 'GL_TRIANGLE_FAN' 'I' @180  6
 - public static final 'GL_QUADS' 'I' @184  7
 - public static final 'GL_ZERO' 'I' @188  0
 - public static final 'GL_ONE' 'I' @192  1
 - public static final 'GL_SRC_COLOR' 'I' @196  768 (300)
 - public static final 'GL_ONE_MINUS_SRC_COLOR' 'I' @200  769 (301)
 - public static final 'GL_SRC_ALPHA' 'I' @204  770 (302)
 - public static final 'GL_ONE_MINUS_SRC_ALPHA' 'I' @208  771 (303)
 - public static final 'GL_DST_ALPHA' 'I' @212  772 (304)
 - public static final 'GL_ONE_MINUS_DST_ALPHA' 'I' @216  773 (305)
 - public static final 'GL_DST_COLOR' 'I' @220  774 (306)
 - public static final 'GL_ONE_MINUS_DST_COLOR' 'I' @224  775 (307)
 - public static final 'GL_SRC_ALPHA_SATURATE' 'I' @228  776 (308)
 - public static final 'GL_TRUE' 'I' @232  1
 - public static final 'GL_FALSE' 'I' @236  0
 - public static final 'GL_BYTE' 'I' @240  5120 (1400)
 - public static final 'GL_UNSIGNED_BYTE' 'I' @244  5121 (1401)
 - public static final 'GL_SHORT' 'I' @248  5122 (1402)
 - public static final 'GL_UNSIGNED_SHORT' 'I' @252  5123 (1403)
 - public static final 'GL_INT' 'I' @256  5124 (1404)
 - public static final 'GL_UNSIGNED_INT' 'I' @260  5125 (1405)
 - public static final 'GL_FLOAT' 'I' @264  5126 (1406)
 - public static final 'GL_DOUBLE' 'I' @268  5130 (140a)
 - public static final 'GL_NONE' 'I' @272  0
 - public static final 'GL_FRONT_LEFT' 'I' @276  1024 (400)
 - public static final 'GL_FRONT_RIGHT' 'I' @280  1025 (401)
 - public static final 'GL_BACK_LEFT' 'I' @284  1026 (402)
 - public static final 'GL_BACK_RIGHT' 'I' @288  1027 (403)
 - public static final 'GL_FRONT' 'I' @292  1028 (404)
 - public static final 'GL_BACK' 'I' @296  1029 (405)
 - public static final 'GL_LEFT' 'I' @300  1030 (406)
 - public static final 'GL_RIGHT' 'I' @304  1031 (407)
 - public static final 'GL_FRONT_AND_BACK' 'I' @308  1032 (408)
 - public static final 'GL_NO_ERROR' 'I' @312  0
 - public static final 'GL_INVALID_ENUM' 'I' @316  1280 (500)
 - public static final 'GL_INVALID_VALUE' 'I' @320  1281 (501)
 - public static final 'GL_INVALID_OPERATION' 'I' @324  1282 (502)
 - public static final 'GL_STACK_OVERFLOW' 'I' @328  1283 (503)
 - public static final 'GL_STACK_UNDERFLOW' 'I' @332  1284 (504)
 - public static final 'GL_OUT_OF_MEMORY' 'I' @336  1285 (505)
 - public static final 'GL_CW' 'I' @340  2304 (900)
 - public static final 'GL_CCW' 'I' @344  2305 (901)
 - public static final 'GL_POINT_SIZE' 'I' @348  2833 (b11)
 - public static final 'GL_POINT_SIZE_RANGE' 'I' @352  2834 (b12)
 - public static final 'GL_POINT_SIZE_GRANULARITY' 'I' @356  2835 (b13)
 - public static final 'GL_LINE_SMOOTH' 'I' @360  2848 (b20)
 - public static final 'GL_LINE_WIDTH' 'I' @364  2849 (b21)
 - public static final 'GL_LINE_WIDTH_RANGE' 'I' @368  2850 (b22)
 - public static final 'GL_LINE_WIDTH_GRANULARITY' 'I' @372  2851 (b23)
 - public static final 'GL_POLYGON_MODE' 'I' @376  2880 (b40)
 - public static final 'GL_POLYGON_SMOOTH' 'I' @380  2881 (b41)
 - public static final 'GL_CULL_FACE' 'I' @384  2884 (b44)
 - public static final 'GL_CULL_FACE_MODE' 'I' @388  2885 (b45)
 - public static final 'GL_FRONT_FACE' 'I' @392  2886 (b46)
 - public static final 'GL_DEPTH_RANGE' 'I' @396  2928 (b70)
 - public static final 'GL_DEPTH_TEST' 'I' @400  2929 (b71)
 - public static final 'GL_DEPTH_WRITEMASK' 'I' @404  2930 (b72)
 - public static final 'GL_DEPTH_CLEAR_VALUE' 'I' @408  2931 (b73)
 - public static final 'GL_DEPTH_FUNC' 'I' @412  2932 (b74)
 - public static final 'GL_STENCIL_TEST' 'I' @416  2960 (b90)
 - public static final 'GL_STENCIL_CLEAR_VALUE' 'I' @420  2961 (b91)
 - public static final 'GL_STENCIL_FUNC' 'I' @424  2962 (b92)
 - public static final 'GL_STENCIL_VALUE_MASK' 'I' @428  2963 (b93)
 - public static final 'GL_STENCIL_FAIL' 'I' @432  2964 (b94)
 - public static final 'GL_STENCIL_PASS_DEPTH_FAIL' 'I' @436  2965 (b95)
 - public static final 'GL_STENCIL_PASS_DEPTH_PASS' 'I' @440  2966 (b96)
 - public static final 'GL_STENCIL_REF' 'I' @444  2967 (b97)
 - public static final 'GL_STENCIL_WRITEMASK' 'I' @448  2968 (b98)
 - public static final 'GL_VIEWPORT' 'I' @452  2978 (ba2)
 - public static final 'GL_DITHER' 'I' @456  3024 (bd0)
 - public static final 'GL_BLEND_DST' 'I' @460  3040 (be0)
 - public static final 'GL_BLEND_SRC' 'I' @464  3041 (be1)
 - public static final 'GL_BLEND' 'I' @468  3042 (be2)
 - public static final 'GL_LOGIC_OP_MODE' 'I' @472  3056 (bf0)
 - public static final 'GL_COLOR_LOGIC_OP' 'I' @476  3058 (bf2)
 - public static final 'GL_DRAW_BUFFER' 'I' @480  3073 (c01)
 - public static final 'GL_READ_BUFFER' 'I' @484  3074 (c02)
 - public static final 'GL_SCISSOR_BOX' 'I' @488  3088 (c10)
 - public static final 'GL_SCISSOR_TEST' 'I' @492  3089 (c11)
 - public static final 'GL_COLOR_CLEAR_VALUE' 'I' @496  3106 (c22)
 - public static final 'GL_COLOR_WRITEMASK' 'I' @500  3107 (c23)
 - public static final 'GL_DOUBLEBUFFER' 'I' @504  3122 (c32)
 - public static final 'GL_STEREO' 'I' @508  3123 (c33)
 - public static final 'GL_LINE_SMOOTH_HINT' 'I' @512  3154 (c52)
 - public static final 'GL_POLYGON_SMOOTH_HINT' 'I' @516  3155 (c53)
 - public static final 'GL_UNPACK_SWAP_BYTES' 'I' @520  3312 (cf0)
 - public static final 'GL_UNPACK_LSB_FIRST' 'I' @524  3313 (cf1)
 - public static final 'GL_UNPACK_ROW_LENGTH' 'I' @528  3314 (cf2)
 - public static final 'GL_UNPACK_SKIP_ROWS' 'I' @532  3315 (cf3)
 - public static final 'GL_UNPACK_SKIP_PIXELS' 'I' @536  3316 (cf4)
 - public static final 'GL_UNPACK_ALIGNMENT' 'I' @540  3317 (cf5)
 - public static final 'GL_PACK_SWAP_BYTES' 'I' @544  3328 (d00)
 - public static final 'GL_PACK_LSB_FIRST' 'I' @548  3329 (d01)
 - public static final 'GL_PACK_ROW_LENGTH' 'I' @552  3330 (d02)
 - public static final 'GL_PACK_SKIP_ROWS' 'I' @556  3331 (d03)
 - public static final 'GL_PACK_SKIP_PIXELS' 'I' @560  3332 (d04)
 - public static final 'GL_PACK_ALIGNMENT' 'I' @564  3333 (d05)
 - public static final 'GL_MAX_TEXTURE_SIZE' 'I' @568  3379 (d33)
 - public static final 'GL_MAX_VIEWPORT_DIMS' 'I' @572  3386 (d3a)
 - public static final 'GL_SUBPIXEL_BITS' 'I' @576  3408 (d50)
 - public static final 'GL_TEXTURE_1D' 'I' @580  3552 (de0)
 - public static final 'GL_TEXTURE_2D' 'I' @584  3553 (de1)
 - public static final 'GL_TEXTURE_WIDTH' 'I' @588  4096 (1000)
 - public static final 'GL_TEXTURE_HEIGHT' 'I' @592  4097 (1001)
 - public static final 'GL_TEXTURE_INTERNAL_FORMAT' 'I' @596  4099 (1003)
 - public static final 'GL_TEXTURE_BORDER_COLOR' 'I' @600  4100 (1004)
 - public static final 'GL_DONT_CARE' 'I' @604  4352 (1100)
 - public static final 'GL_FASTEST' 'I' @608  4353 (1101)
 - public static final 'GL_NICEST' 'I' @612  4354 (1102)
 - public static final 'GL_CLEAR' 'I' @616  5376 (1500)
 - public static final 'GL_AND' 'I' @620  5377 (1501)
 - public static final 'GL_AND_REVERSE' 'I' @624  5378 (1502)
 - public static final 'GL_COPY' 'I' @628  5379 (1503)
 - public static final 'GL_AND_INVERTED' 'I' @632  5380 (1504)
 - public static final 'GL_NOOP' 'I' @636  5381 (1505)
 - public static final 'GL_XOR' 'I' @640  5382 (1506)
 - public static final 'GL_OR' 'I' @644  5383 (1507)
 - public static final 'GL_NOR' 'I' @648  5384 (1508)
 - public static final 'GL_EQUIV' 'I' @652  5385 (1509)
 - public static final 'GL_INVERT' 'I' @656  5386 (150a)
 - public static final 'GL_OR_REVERSE' 'I' @660  5387 (150b)
 - public static final 'GL_COPY_INVERTED' 'I' @664  5388 (150c)
 - public static final 'GL_OR_INVERTED' 'I' @668  5389 (150d)
 - public static final 'GL_NAND' 'I' @672  5390 (150e)
 - public static final 'GL_SET' 'I' @676  5391 (150f)
 - public static final 'GL_TEXTURE' 'I' @680  5890 (1702)
 - public static final 'GL_COLOR' 'I' @684  6144 (1800)
 - public static final 'GL_DEPTH' 'I' @688  6145 (1801)
 - public static final 'GL_STENCIL' 'I' @692  6146 (1802)
 - public static final 'GL_STENCIL_INDEX' 'I' @696  6401 (1901)
 - public static final 'GL_DEPTH_COMPONENT' 'I' @700  6402 (1902)
 - public static final 'GL_RED' 'I' @704  6403 (1903)
 - public static final 'GL_GREEN' 'I' @708  6404 (1904)
 - public static final 'GL_BLUE' 'I' @712  6405 (1905)
 - public static final 'GL_ALPHA' 'I' @716  6406 (1906)
 - public static final 'GL_RGB' 'I' @720  6407 (1907)
 - public static final 'GL_RGBA' 'I' @724  6408 (1908)
 - public static final 'GL_POINT' 'I' @728  6912 (1b00)
 - public static final 'GL_LINE' 'I' @732  6913 (1b01)
 - public static final 'GL_FILL' 'I' @736  6914 (1b02)
 - public static final 'GL_KEEP' 'I' @740  7680 (1e00)
 - public static final 'GL_REPLACE' 'I' @744  7681 (1e01)
 - public static final 'GL_INCR' 'I' @748  7682 (1e02)
 - public static final 'GL_DECR' 'I' @752  7683 (1e03)
 - public static final 'GL_VENDOR' 'I' @756  7936 (1f00)
 - public static final 'GL_RENDERER' 'I' @760  7937 (1f01)
 - public static final 'GL_VERSION' 'I' @764  7938 (1f02)
 - public static final 'GL_EXTENSIONS' 'I' @768  7939 (1f03)
 - public static final 'GL_NEAREST' 'I' @772  9728 (2600)
 - public static final 'GL_LINEAR' 'I' @776  9729 (2601)
 - public static final 'GL_NEAREST_MIPMAP_NEAREST' 'I' @780  9984 (2700)
 - public static final 'GL_LINEAR_MIPMAP_NEAREST' 'I' @784  9985 (2701)
 - public static final 'GL_NEAREST_MIPMAP_LINEAR' 'I' @788  9986 (2702)
 - public static final 'GL_LINEAR_MIPMAP_LINEAR' 'I' @792  9987 (2703)
 - public static final 'GL_TEXTURE_MAG_FILTER' 'I' @796  10240 (2800)
 - public static final 'GL_TEXTURE_MIN_FILTER' 'I' @800  10241 (2801)
 - public static final 'GL_TEXTURE_WRAP_S' 'I' @804  10242 (2802)
 - public static final 'GL_TEXTURE_WRAP_T' 'I' @808  10243 (2803)
 - public static final 'GL_REPEAT' 'I' @812  10497 (2901)
 - public static final 'GL_POLYGON_OFFSET_FACTOR' 'I' @816  32824 (8038)
 - public static final 'GL_POLYGON_OFFSET_UNITS' 'I' @820  10752 (2a00)
 - public static final 'GL_POLYGON_OFFSET_POINT' 'I' @824  10753 (2a01)
 - public static final 'GL_POLYGON_OFFSET_LINE' 'I' @828  10754 (2a02)
 - public static final 'GL_POLYGON_OFFSET_FILL' 'I' @832  32823 (8037)
 - public static final 'GL_R3_G3_B2' 'I' @836  10768 (2a10)
 - public static final 'GL_RGB4' 'I' @840  32847 (804f)
 - public static final 'GL_RGB5' 'I' @844  32848 (8050)
 - public static final 'GL_RGB8' 'I' @848  32849 (8051)
 - public static final 'GL_RGB10' 'I' @852  32850 (8052)
 - public static final 'GL_RGB12' 'I' @856  32851 (8053)
 - public static final 'GL_RGB16' 'I' @860  32852 (8054)
 - public static final 'GL_RGBA2' 'I' @864  32853 (8055)
 - public static final 'GL_RGBA4' 'I' @868  32854 (8056)
 - public static final 'GL_RGB5_A1' 'I' @872  32855 (8057)
 - public static final 'GL_RGBA8' 'I' @876  32856 (8058)
 - public static final 'GL_RGB10_A2' 'I' @880  32857 (8059)
 - public static final 'GL_RGBA12' 'I' @884  32858 (805a)
 - public static final 'GL_RGBA16' 'I' @888  32859 (805b)
 - public static final 'GL_TEXTURE_RED_SIZE' 'I' @892  32860 (805c)
 - public static final 'GL_TEXTURE_GREEN_SIZE' 'I' @896  32861 (805d)
 - public static final 'GL_TEXTURE_BLUE_SIZE' 'I' @900  32862 (805e)
 - public static final 'GL_TEXTURE_ALPHA_SIZE' 'I' @904  32863 (805f)
 - public static final 'GL_PROXY_TEXTURE_1D' 'I' @908  32867 (8063)
 - public static final 'GL_PROXY_TEXTURE_2D' 'I' @912  32868 (8064)
 - public static final 'GL_TEXTURE_BINDING_1D' 'I' @916  32872 (8068)
 - public static final 'GL_TEXTURE_BINDING_2D' 'I' @920  32873 (8069)
 - public static final 'GL_VERTEX_ARRAY' 'I' @924  32884 (8074)
R12=0x0 is NULL
R13=0x00000218efd0bcb8 is pointing into metadata
R14=0x000000d4f73ff588 is pointing into the stack for thread: 0x00000218cc489e10
R15=0x00000218cc489e10 is a thread


Registers:
RAX=0x00000218f38dd310, RBX=0x00000218efd0bcc0, RCX=0x0000000000000000, RDX=0x000000d4f73ff560
RSP=0x000000d4f73ff4b8, RBP=0x000000d4f73ff550, RSI=0x000000d4f73ffbd0, RDI=0x00000218d3db9612
R8 =0x0000000000000002, R9 =0x0000000000000002, R10=0x00000218d3dbd5f2, R11=0x000000071517efb0
R12=0x0000000000000000, R13=0x00000218efd0bcb8, R14=0x000000d4f73ff588, R15=0x00000218cc489e10
RIP=0x00007ffe0d69c4a9, EFLAGS=0x0000000000010202

Top of Stack: (sp=0x000000d4f73ff4b8)
0x000000d4f73ff4b8:   00000218d3dbd621 00000218efd0bcc0
0x000000d4f73ff4c8:   000000d4f73ffbd0 00000218d3db9612
0x000000d4f73ff4d8:   00000218d3dbd352 000002183f800000
0x000000d4f73ff4e8:   000000d43f800000 000000d4f73ffbd0
0x000000d4f73ff4f8:   00000218d3dbd352 00000218d3dbd2f6
0x000000d4f73ff508:   000000d4f73ff508 00000218efd0bcb8
0x000000d4f73ff518:   000000d4f73ff588 00000218efd16ab8
0x000000d4f73ff528:   0000000000000000 000000071517efb0
0x000000d4f73ff538:   00000218efd0bcc0 0000000000000000
0x000000d4f73ff548:   000000d4f73ff570 000000d4f73ff5d8
0x000000d4f73ff558:   00000218d3db94fe 000000071517efb0
0x000000d4f73ff568:   00000218d3dbaf78 000000d43f800000
0x000000d4f73ff578:   000002183f800000 000000073f333333
0x000000d4f73ff588:   000002183f000000 000000d4f73ff590
0x000000d4f73ff598:   00000218efcd0644 000000d4f73ff600
0x000000d4f73ff5a8:   00000218efcf9898 0000000000000000 

Instructions: (pc=0x00007ffe0d69c4a9)
0x00007ffe0d69c3a9:   cc cc cc cc cc cc cc 48 8b 01 49 8b c8 48 8b 50
0x00007ffe0d69c3b9:   18 48 ff a2 60 0a 00 00 cc cc cc cc cc cc cc cc
0x00007ffe0d69c3c9:   cc cc cc cc cc cc cc 48 8b 01 49 8b c8 48 8b 50
0x00007ffe0d69c3d9:   18 48 ff a2 68 0a 00 00 cc cc cc cc cc cc cc cc
0x00007ffe0d69c3e9:   cc cc cc cc cc cc cc 40 53 48 8b 01 41 8b d8 44
0x00007ffe0d69c3f9:   8b 44 24 30 41 8b d1 4c 8b 4c 24 38 8b cb 4c 8b
0x00007ffe0d69c409:   50 18 5b 49 ff a2 70 0a 00 00 cc cc cc cc cc cc
0x00007ffe0d69c419:   cc cc cc cc cc cc cc 48 8b 01 41 8b c8 48 8b 50
0x00007ffe0d69c429:   18 48 ff 22 cc cc cc 48 8b 01 41 8b c8 48 8b 50
0x00007ffe0d69c439:   18 48 ff 62 08 cc cc 48 8b 01 41 8b d1 41 8b c8
0x00007ffe0d69c449:   4c 8b 50 18 49 ff 62 38 cc cc cc cc cc cc cc cc
0x00007ffe0d69c459:   cc cc cc cc cc cc cc 48 8b 01 41 8b d1 41 8b c8
0x00007ffe0d69c469:   4c 8b 50 18 49 ff 62 48 cc cc cc cc cc cc cc cc
0x00007ffe0d69c479:   cc cc cc cc cc cc cc 48 8b 01 41 8b c8 48 8b 50
0x00007ffe0d69c489:   18 48 ff 62 60 cc cc 48 8b 01 0f 28 cb f3 0f 10
0x00007ffe0d69c499:   5c 24 30 0f 28 c2 f3 0f 10 54 24 28 48 8b 48 18
0x00007ffe0d69c4a9:   48 ff 61 70 cc cc cc 48 8b 01 0f 28 c2 48 8b 48
0x00007ffe0d69c4b9:   18 48 ff 61 78 cc cc 48 8b 01 41 8b c8 48 8b 50
0x00007ffe0d69c4c9:   18 48 ff a2 88 00 00 00 cc cc cc cc cc cc cc cc
0x00007ffe0d69c4d9:   cc cc cc cc cc cc cc 40 53 48 8b 01 41 0f b6 d8
0x00007ffe0d69c4e9:   44 0f b6 44 24 30 41 0f b6 d1 44 0f b6 4c 24 38
0x00007ffe0d69c4f9:   0f b6 cb 4c 8b 50 18 5b 49 ff a2 98 01 00 00 cc
0x00007ffe0d69c509:   cc cc cc cc cc cc cc 48 8b 01 41 8b c8 48 8b 50
0x00007ffe0d69c519:   18 48 ff a2 b8 01 00 00 cc cc cc cc cc cc cc cc
0x00007ffe0d69c529:   cc cc cc cc cc cc cc 48 8b 01 41 8b c8 48 8b 50
0x00007ffe0d69c539:   18 48 ff a2 c8 01 00 00 cc cc cc cc cc cc cc cc
0x00007ffe0d69c549:   cc cc cc cc cc cc cc 48 8b 01 41 0f b6 c8 48 8b
0x00007ffe0d69c559:   50 18 48 ff a2 d0 01 00 00 cc cc cc cc cc cc cc
0x00007ffe0d69c569:   cc cc cc cc cc cc cc 48 8b 01 0f 28 cb 0f 28 c2
0x00007ffe0d69c579:   48 8b 48 18 48 ff a1 d8 01 00 00 cc cc cc cc cc
0x00007ffe0d69c589:   cc cc cc cc cc cc cc 48 8b 01 45 8b d8 44 8b 44
0x00007ffe0d69c599:   24 28 41 8b d1 41 8b cb 4c 8b 50 18 49 ff a2 e8 


Stack slot to memory mapping:
stack at sp + 0 slots: 0x00000218d3dbd621 is at code_begin+993 in an Interpreter codelet
method entry point (kind = native)  [0x00000218d3dbd240, 0x00000218d3dbdbc0]  2432 bytes
stack at sp + 1 slots: {method} {0x00000218efd0bcc8} 'glClearColor' '(FFFF)V' in 'org/lwjgl/opengl/GL11C'
stack at sp + 2 slots: 0x000000d4f73ffbd0 is pointing into the stack for thread: 0x00000218cc489e10
stack at sp + 3 slots: 0x00000218d3db9612 is at code_begin+1394 in an Interpreter codelet
return entry points  [0x00000218d3db90a0, 0x00000218d3db9ba0]  2816 bytes
stack at sp + 4 slots: 0x00000218d3dbd352 is at code_begin+274 in an Interpreter codelet
method entry point (kind = native)  [0x00000218d3dbd240, 0x00000218d3dbdbc0]  2432 bytes
stack at sp + 5 slots: 0x000002183f800000 is an unknown value
stack at sp + 6 slots: 0x000000d43f800000 is an unknown value
stack at sp + 7 slots: 0x000000d4f73ffbd0 is pointing into the stack for thread: 0x00000218cc489e10


---------------  P R O C E S S  ---------------

Threads class SMR info:
_java_thread_list=0x00000218f3871420, length=12, elements={
0x00000218cc489e10, 0x00000218ef3f5600, 0x00000218ef3f6ec0, 0x00000218ef40fc40,
0x00000218ef412200, 0x00000218ef413ac0, 0x00000218ef418bf0, 0x00000218ef41c7f0,
0x00000218ef421d90, 0x00000218ef4355a0, 0x00000218f38d6180, 0x00000218f38de2a0
}

Java Threads: ( => current thread )
=>0x00000218cc489e10 JavaThread "main" [_thread_in_native, id=7564, stack(0x000000d4f7300000,0x000000d4f7400000)]
  0x00000218ef3f5600 JavaThread "Reference Handler" daemon [_thread_blocked, id=7572, stack(0x000000d4f7a00000,0x000000d4f7b00000)]
  0x00000218ef3f6ec0 JavaThread "Finalizer" daemon [_thread_blocked, id=31020, stack(0x000000d4f7b00000,0x000000d4f7c00000)]
  0x00000218ef40fc40 JavaThread "Signal Dispatcher" daemon [_thread_blocked, id=30676, stack(0x000000d4f7c00000,0x000000d4f7d00000)]
  0x00000218ef412200 JavaThread "Attach Listener" daemon [_thread_blocked, id=28864, stack(0x000000d4f7d00000,0x000000d4f7e00000)]
  0x00000218ef413ac0 JavaThread "Service Thread" daemon [_thread_blocked, id=23864, stack(0x000000d4f7e00000,0x000000d4f7f00000)]
  0x00000218ef418bf0 JavaThread "Monitor Deflation Thread" daemon [_thread_blocked, id=5520, stack(0x000000d4f7f00000,0x000000d4f8000000)]
  0x00000218ef41c7f0 JavaThread "C2 CompilerThread0" daemon [_thread_blocked, id=28496, stack(0x000000d4f8000000,0x000000d4f8100000)]
  0x00000218ef421d90 JavaThread "C1 CompilerThread0" daemon [_thread_blocked, id=31004, stack(0x000000d4f8100000,0x000000d4f8200000)]
  0x00000218ef4355a0 JavaThread "Sweeper thread" daemon [_thread_blocked, id=20616, stack(0x000000d4f8200000,0x000000d4f8300000)]
  0x00000218f38d6180 JavaThread "Notification Thread" daemon [_thread_blocked, id=13788, stack(0x000000d4f8300000,0x000000d4f8400000)]
  0x00000218f38de2a0 JavaThread "Common-Cleaner" daemon [_thread_blocked, id=28240, stack(0x000000d4f8500000,0x000000d4f8600000)]

Other Threads:
  0x00000218ef3f1a90 VMThread "VM Thread" [stack: 0x000000d4f7900000,0x000000d4f7a00000] [id=15148]
  0x00000218f38da650 WatcherThread "VM Periodic Task Thread" [stack: 0x000000d4f8400000,0x000000d4f8500000] [id=13256]
  0x00000218cc4faed0 WorkerThread "GC Thread#0" [stack: 0x000000d4f7400000,0x000000d4f7500000] [id=24300]
  0x00000218cc50b850 ConcurrentGCThread "G1 Main Marker" [stack: 0x000000d4f7500000,0x000000d4f7600000] [id=20948]
  0x00000218cc50d6b0 WorkerThread "G1 Conc#0" [stack: 0x000000d4f7600000,0x000000d4f7700000] [id=13412]
  0x00000218ef2aa670 ConcurrentGCThread "G1 Refine#0" [stack: 0x000000d4f7700000,0x000000d4f7800000] [id=15012]
  0x00000218ef2abba0 ConcurrentGCThread "G1 Service" [stack: 0x000000d4f7800000,0x000000d4f7900000] [id=5708]

Threads with active compile tasks:

VM state: not at safepoint (normal execution)

VM Mutex/Monitor currently owned by a thread: None

Heap address: 0x0000000705a00000, size: 4006 MB, Compressed Oops mode: Zero based, Oop shift amount: 3

CDS archive(s) mapped at: [0x0000000800000000-0x0000000800ba0000-0x0000000800ba0000), size 12189696, SharedBaseAddress: 0x0000000800000000, ArchiveRelocationMode: 0.
Compressed class space mapped at: 0x0000000800c00000-0x0000000840c00000, reserved size: 1073741824
Narrow klass base: 0x0000000800000000, Narrow klass shift: 0, Narrow klass range: 0x100000000

GC Precious Log:
 CardTable entry size: 512
 Card Set container configuration: InlinePtr #cards 4 size 8 Array Of Cards #cards 16 size 48 Howl #buckets 8 coarsen threshold 3686 Howl Bitmap #cards 512 size 80 coarsen threshold 460 Card regions per heap region 1 cards per card region 4096
 CPUs: 12 total, 12 available
 Memory: 16016M
 Large Page Support: Disabled
 NUMA Support: Disabled
 Compressed Oops: Enabled (Zero based)
 Heap Region Size: 2M
 Heap Min Capacity: 8M
 Heap Initial Capacity: 252M
 Heap Max Capacity: 4006M
 Pre-touch: Disabled
 Parallel Workers: 10
 Concurrent Workers: 3
 Concurrent Refinement Workers: 10
 Periodic GC: Disabled

Heap:
 garbage-first heap   total 258048K, used 4096K [0x0000000705a00000, 0x0000000800000000)
  region size 2048K, 3 young (6144K), 0 survivors (0K)
 Metaspace       used 2184K, committed 2432K, reserved 1114112K
  class space    used 127K, committed 256K, reserved 1048576K

Heap Regions: E=young(eden), S=young(survivor), O=old, HS=humongous(starts), HC=humongous(continues), CS=collection set, F=free, OA=open archive, CA=closed archive, TAMS=top-at-mark-start (previous, next)
|   0|0x0000000705a00000, 0x0000000705a00000, 0x0000000705c00000|  0%| F|  |TAMS 0x0000000705a00000, 0x0000000705a00000| Untracked 
|   1|0x0000000705c00000, 0x0000000705c00000, 0x0000000705e00000|  0%| F|  |TAMS 0x0000000705c00000, 0x0000000705c00000| Untracked 
|   2|0x0000000705e00000, 0x0000000705e00000, 0x0000000706000000|  0%| F|  |TAMS 0x0000000705e00000, 0x0000000705e00000| Untracked 
|   3|0x0000000706000000, 0x0000000706000000, 0x0000000706200000|  0%| F|  |TAMS 0x0000000706000000, 0x0000000706000000| Untracked 
|   4|0x0000000706200000, 0x0000000706200000, 0x0000000706400000|  0%| F|  |TAMS 0x0000000706200000, 0x0000000706200000| Untracked 
|   5|0x0000000706400000, 0x0000000706400000, 0x0000000706600000|  0%| F|  |TAMS 0x0000000706400000, 0x0000000706400000| Untracked 
|   6|0x0000000706600000, 0x0000000706600000, 0x0000000706800000|  0%| F|  |TAMS 0x0000000706600000, 0x0000000706600000| Untracked 
|   7|0x0000000706800000, 0x0000000706800000, 0x0000000706a00000|  0%| F|  |TAMS 0x0000000706800000, 0x0000000706800000| Untracked 
|   8|0x0000000706a00000, 0x0000000706a00000, 0x0000000706c00000|  0%| F|  |TAMS 0x0000000706a00000, 0x0000000706a00000| Untracked 
|   9|0x0000000706c00000, 0x0000000706c00000, 0x0000000706e00000|  0%| F|  |TAMS 0x0000000706c00000, 0x0000000706c00000| Untracked 
|  10|0x0000000706e00000, 0x0000000706e00000, 0x0000000707000000|  0%| F|  |TAMS 0x0000000706e00000, 0x0000000706e00000| Untracked 
|  11|0x0000000707000000, 0x0000000707000000, 0x0000000707200000|  0%| F|  |TAMS 0x0000000707000000, 0x0000000707000000| Untracked 
|  12|0x0000000707200000, 0x0000000707200000, 0x0000000707400000|  0%| F|  |TAMS 0x0000000707200000, 0x0000000707200000| Untracked 
|  13|0x0000000707400000, 0x0000000707400000, 0x0000000707600000|  0%| F|  |TAMS 0x0000000707400000, 0x0000000707400000| Untracked 
|  14|0x0000000707600000, 0x0000000707600000, 0x0000000707800000|  0%| F|  |TAMS 0x0000000707600000, 0x0000000707600000| Untracked 
|  15|0x0000000707800000, 0x0000000707800000, 0x0000000707a00000|  0%| F|  |TAMS 0x0000000707800000, 0x0000000707800000| Untracked 
|  16|0x0000000707a00000, 0x0000000707a00000, 0x0000000707c00000|  0%| F|  |TAMS 0x0000000707a00000, 0x0000000707a00000| Untracked 
|  17|0x0000000707c00000, 0x0000000707c00000, 0x0000000707e00000|  0%| F|  |TAMS 0x0000000707c00000, 0x0000000707c00000| Untracked 
|  18|0x0000000707e00000, 0x0000000707e00000, 0x0000000708000000|  0%| F|  |TAMS 0x0000000707e00000, 0x0000000707e00000| Untracked 
|  19|0x0000000708000000, 0x0000000708000000, 0x0000000708200000|  0%| F|  |TAMS 0x0000000708000000, 0x0000000708000000| Untracked 
|  20|0x0000000708200000, 0x0000000708200000, 0x0000000708400000|  0%| F|  |TAMS 0x0000000708200000, 0x0000000708200000| Untracked 
|  21|0x0000000708400000, 0x0000000708400000, 0x0000000708600000|  0%| F|  |TAMS 0x0000000708400000, 0x0000000708400000| Untracked 
|  22|0x0000000708600000, 0x0000000708600000, 0x0000000708800000|  0%| F|  |TAMS 0x0000000708600000, 0x0000000708600000| Untracked 
|  23|0x0000000708800000, 0x0000000708800000, 0x0000000708a00000|  0%| F|  |TAMS 0x0000000708800000, 0x0000000708800000| Untracked 
|  24|0x0000000708a00000, 0x0000000708a00000, 0x0000000708c00000|  0%| F|  |TAMS 0x0000000708a00000, 0x0000000708a00000| Untracked 
|  25|0x0000000708c00000, 0x0000000708c00000, 0x0000000708e00000|  0%| F|  |TAMS 0x0000000708c00000, 0x0000000708c00000| Untracked 
|  26|0x0000000708e00000, 0x0000000708e00000, 0x0000000709000000|  0%| F|  |TAMS 0x0000000708e00000, 0x0000000708e00000| Untracked 
|  27|0x0000000709000000, 0x0000000709000000, 0x0000000709200000|  0%| F|  |TAMS 0x0000000709000000, 0x0000000709000000| Untracked 
|  28|0x0000000709200000, 0x0000000709200000, 0x0000000709400000|  0%| F|  |TAMS 0x0000000709200000, 0x0000000709200000| Untracked 
|  29|0x0000000709400000, 0x0000000709400000, 0x0000000709600000|  0%| F|  |TAMS 0x0000000709400000, 0x0000000709400000| Untracked 
|  30|0x0000000709600000, 0x0000000709600000, 0x0000000709800000|  0%| F|  |TAMS 0x0000000709600000, 0x0000000709600000| Untracked 
|  31|0x0000000709800000, 0x0000000709800000, 0x0000000709a00000|  0%| F|  |TAMS 0x0000000709800000, 0x0000000709800000| Untracked 
|  32|0x0000000709a00000, 0x0000000709a00000, 0x0000000709c00000|  0%| F|  |TAMS 0x0000000709a00000, 0x0000000709a00000| Untracked 
|  33|0x0000000709c00000, 0x0000000709c00000, 0x0000000709e00000|  0%| F|  |TAMS 0x0000000709c00000, 0x0000000709c00000| Untracked 
|  34|0x0000000709e00000, 0x0000000709e00000, 0x000000070a000000|  0%| F|  |TAMS 0x0000000709e00000, 0x0000000709e00000| Untracked 
|  35|0x000000070a000000, 0x000000070a000000, 0x000000070a200000|  0%| F|  |TAMS 0x000000070a000000, 0x000000070a000000| Untracked 
|  36|0x000000070a200000, 0x000000070a200000, 0x000000070a400000|  0%| F|  |TAMS 0x000000070a200000, 0x000000070a200000| Untracked 
|  37|0x000000070a400000, 0x000000070a400000, 0x000000070a600000|  0%| F|  |TAMS 0x000000070a400000, 0x000000070a400000| Untracked 
|  38|0x000000070a600000, 0x000000070a600000, 0x000000070a800000|  0%| F|  |TAMS 0x000000070a600000, 0x000000070a600000| Untracked 
|  39|0x000000070a800000, 0x000000070a800000, 0x000000070aa00000|  0%| F|  |TAMS 0x000000070a800000, 0x000000070a800000| Untracked 
|  40|0x000000070aa00000, 0x000000070aa00000, 0x000000070ac00000|  0%| F|  |TAMS 0x000000070aa00000, 0x000000070aa00000| Untracked 
|  41|0x000000070ac00000, 0x000000070ac00000, 0x000000070ae00000|  0%| F|  |TAMS 0x000000070ac00000, 0x000000070ac00000| Untracked 
|  42|0x000000070ae00000, 0x000000070ae00000, 0x000000070b000000|  0%| F|  |TAMS 0x000000070ae00000, 0x000000070ae00000| Untracked 
|  43|0x000000070b000000, 0x000000070b000000, 0x000000070b200000|  0%| F|  |TAMS 0x000000070b000000, 0x000000070b000000| Untracked 
|  44|0x000000070b200000, 0x000000070b200000, 0x000000070b400000|  0%| F|  |TAMS 0x000000070b200000, 0x000000070b200000| Untracked 
|  45|0x000000070b400000, 0x000000070b400000, 0x000000070b600000|  0%| F|  |TAMS 0x000000070b400000, 0x000000070b400000| Untracked 
|  46|0x000000070b600000, 0x000000070b600000, 0x000000070b800000|  0%| F|  |TAMS 0x000000070b600000, 0x000000070b600000| Untracked 
|  47|0x000000070b800000, 0x000000070b800000, 0x000000070ba00000|  0%| F|  |TAMS 0x000000070b800000, 0x000000070b800000| Untracked 
|  48|0x000000070ba00000, 0x000000070ba00000, 0x000000070bc00000|  0%| F|  |TAMS 0x000000070ba00000, 0x000000070ba00000| Untracked 
|  49|0x000000070bc00000, 0x000000070bc00000, 0x000000070be00000|  0%| F|  |TAMS 0x000000070bc00000, 0x000000070bc00000| Untracked 
|  50|0x000000070be00000, 0x000000070be00000, 0x000000070c000000|  0%| F|  |TAMS 0x000000070be00000, 0x000000070be00000| Untracked 
|  51|0x000000070c000000, 0x000000070c000000, 0x000000070c200000|  0%| F|  |TAMS 0x000000070c000000, 0x000000070c000000| Untracked 
|  52|0x000000070c200000, 0x000000070c200000, 0x000000070c400000|  0%| F|  |TAMS 0x000000070c200000, 0x000000070c200000| Untracked 
|  53|0x000000070c400000, 0x000000070c400000, 0x000000070c600000|  0%| F|  |TAMS 0x000000070c400000, 0x000000070c400000| Untracked 
|  54|0x000000070c600000, 0x000000070c600000, 0x000000070c800000|  0%| F|  |TAMS 0x000000070c600000, 0x000000070c600000| Untracked 
|  55|0x000000070c800000, 0x000000070c800000, 0x000000070ca00000|  0%| F|  |TAMS 0x000000070c800000, 0x000000070c800000| Untracked 
|  56|0x000000070ca00000, 0x000000070ca00000, 0x000000070cc00000|  0%| F|  |TAMS 0x000000070ca00000, 0x000000070ca00000| Untracked 
|  57|0x000000070cc00000, 0x000000070cc00000, 0x000000070ce00000|  0%| F|  |TAMS 0x000000070cc00000, 0x000000070cc00000| Untracked 
|  58|0x000000070ce00000, 0x000000070ce00000, 0x000000070d000000|  0%| F|  |TAMS 0x000000070ce00000, 0x000000070ce00000| Untracked 
|  59|0x000000070d000000, 0x000000070d000000, 0x000000070d200000|  0%| F|  |TAMS 0x000000070d000000, 0x000000070d000000| Untracked 
|  60|0x000000070d200000, 0x000000070d200000, 0x000000070d400000|  0%| F|  |TAMS 0x000000070d200000, 0x000000070d200000| Untracked 
|  61|0x000000070d400000, 0x000000070d400000, 0x000000070d600000|  0%| F|  |TAMS 0x000000070d400000, 0x000000070d400000| Untracked 
|  62|0x000000070d600000, 0x000000070d600000, 0x000000070d800000|  0%| F|  |TAMS 0x000000070d600000, 0x000000070d600000| Untracked 
|  63|0x000000070d800000, 0x000000070d800000, 0x000000070da00000|  0%| F|  |TAMS 0x000000070d800000, 0x000000070d800000| Untracked 
|  64|0x000000070da00000, 0x000000070da00000, 0x000000070dc00000|  0%| F|  |TAMS 0x000000070da00000, 0x000000070da00000| Untracked 
|  65|0x000000070dc00000, 0x000000070dc00000, 0x000000070de00000|  0%| F|  |TAMS 0x000000070dc00000, 0x000000070dc00000| Untracked 
|  66|0x000000070de00000, 0x000000070de00000, 0x000000070e000000|  0%| F|  |TAMS 0x000000070de00000, 0x000000070de00000| Untracked 
|  67|0x000000070e000000, 0x000000070e000000, 0x000000070e200000|  0%| F|  |TAMS 0x000000070e000000, 0x000000070e000000| Untracked 
|  68|0x000000070e200000, 0x000000070e200000, 0x000000070e400000|  0%| F|  |TAMS 0x000000070e200000, 0x000000070e200000| Untracked 
|  69|0x000000070e400000, 0x000000070e400000, 0x000000070e600000|  0%| F|  |TAMS 0x000000070e400000, 0x000000070e400000| Untracked 
|  70|0x000000070e600000, 0x000000070e600000, 0x000000070e800000|  0%| F|  |TAMS 0x000000070e600000, 0x000000070e600000| Untracked 
|  71|0x000000070e800000, 0x000000070e800000, 0x000000070ea00000|  0%| F|  |TAMS 0x000000070e800000, 0x000000070e800000| Untracked 
|  72|0x000000070ea00000, 0x000000070ea00000, 0x000000070ec00000|  0%| F|  |TAMS 0x000000070ea00000, 0x000000070ea00000| Untracked 
|  73|0x000000070ec00000, 0x000000070ec00000, 0x000000070ee00000|  0%| F|  |TAMS 0x000000070ec00000, 0x000000070ec00000| Untracked 
|  74|0x000000070ee00000, 0x000000070ee00000, 0x000000070f000000|  0%| F|  |TAMS 0x000000070ee00000, 0x000000070ee00000| Untracked 
|  75|0x000000070f000000, 0x000000070f000000, 0x000000070f200000|  0%| F|  |TAMS 0x000000070f000000, 0x000000070f000000| Untracked 
|  76|0x000000070f200000, 0x000000070f200000, 0x000000070f400000|  0%| F|  |TAMS 0x000000070f200000, 0x000000070f200000| Untracked 
|  77|0x000000070f400000, 0x000000070f400000, 0x000000070f600000|  0%| F|  |TAMS 0x000000070f400000, 0x000000070f400000| Untracked 
|  78|0x000000070f600000, 0x000000070f600000, 0x000000070f800000|  0%| F|  |TAMS 0x000000070f600000, 0x000000070f600000| Untracked 
|  79|0x000000070f800000, 0x000000070f800000, 0x000000070fa00000|  0%| F|  |TAMS 0x000000070f800000, 0x000000070f800000| Untracked 
|  80|0x000000070fa00000, 0x000000070fa00000, 0x000000070fc00000|  0%| F|  |TAMS 0x000000070fa00000, 0x000000070fa00000| Untracked 
|  81|0x000000070fc00000, 0x000000070fc00000, 0x000000070fe00000|  0%| F|  |TAMS 0x000000070fc00000, 0x000000070fc00000| Untracked 
|  82|0x000000070fe00000, 0x000000070fe00000, 0x0000000710000000|  0%| F|  |TAMS 0x000000070fe00000, 0x000000070fe00000| Untracked 
|  83|0x0000000710000000, 0x0000000710000000, 0x0000000710200000|  0%| F|  |TAMS 0x0000000710000000, 0x0000000710000000| Untracked 
|  84|0x0000000710200000, 0x0000000710200000, 0x0000000710400000|  0%| F|  |TAMS 0x0000000710200000, 0x0000000710200000| Untracked 
|  85|0x0000000710400000, 0x0000000710400000, 0x0000000710600000|  0%| F|  |TAMS 0x0000000710400000, 0x0000000710400000| Untracked 
|  86|0x0000000710600000, 0x0000000710600000, 0x0000000710800000|  0%| F|  |TAMS 0x0000000710600000, 0x0000000710600000| Untracked 
|  87|0x0000000710800000, 0x0000000710800000, 0x0000000710a00000|  0%| F|  |TAMS 0x0000000710800000, 0x0000000710800000| Untracked 
|  88|0x0000000710a00000, 0x0000000710a00000, 0x0000000710c00000|  0%| F|  |TAMS 0x0000000710a00000, 0x0000000710a00000| Untracked 
|  89|0x0000000710c00000, 0x0000000710c00000, 0x0000000710e00000|  0%| F|  |TAMS 0x0000000710c00000, 0x0000000710c00000| Untracked 
|  90|0x0000000710e00000, 0x0000000710e00000, 0x0000000711000000|  0%| F|  |TAMS 0x0000000710e00000, 0x0000000710e00000| Untracked 
|  91|0x0000000711000000, 0x0000000711000000, 0x0000000711200000|  0%| F|  |TAMS 0x0000000711000000, 0x0000000711000000| Untracked 
|  92|0x0000000711200000, 0x0000000711200000, 0x0000000711400000|  0%| F|  |TAMS 0x0000000711200000, 0x0000000711200000| Untracked 
|  93|0x0000000711400000, 0x0000000711400000, 0x0000000711600000|  0%| F|  |TAMS 0x0000000711400000, 0x0000000711400000| Untracked 
|  94|0x0000000711600000, 0x0000000711600000, 0x0000000711800000|  0%| F|  |TAMS 0x0000000711600000, 0x0000000711600000| Untracked 
|  95|0x0000000711800000, 0x0000000711800000, 0x0000000711a00000|  0%| F|  |TAMS 0x0000000711800000, 0x0000000711800000| Untracked 
|  96|0x0000000711a00000, 0x0000000711a00000, 0x0000000711c00000|  0%| F|  |TAMS 0x0000000711a00000, 0x0000000711a00000| Untracked 
|  97|0x0000000711c00000, 0x0000000711c00000, 0x0000000711e00000|  0%| F|  |TAMS 0x0000000711c00000, 0x0000000711c00000| Untracked 
|  98|0x0000000711e00000, 0x0000000711e00000, 0x0000000712000000|  0%| F|  |TAMS 0x0000000711e00000, 0x0000000711e00000| Untracked 
|  99|0x0000000712000000, 0x0000000712000000, 0x0000000712200000|  0%| F|  |TAMS 0x0000000712000000, 0x0000000712000000| Untracked 
| 100|0x0000000712200000, 0x0000000712200000, 0x0000000712400000|  0%| F|  |TAMS 0x0000000712200000, 0x0000000712200000| Untracked 
| 101|0x0000000712400000, 0x0000000712400000, 0x0000000712600000|  0%| F|  |TAMS 0x0000000712400000, 0x0000000712400000| Untracked 
| 102|0x0000000712600000, 0x0000000712600000, 0x0000000712800000|  0%| F|  |TAMS 0x0000000712600000, 0x0000000712600000| Untracked 
| 103|0x0000000712800000, 0x0000000712800000, 0x0000000712a00000|  0%| F|  |TAMS 0x0000000712800000, 0x0000000712800000| Untracked 
| 104|0x0000000712a00000, 0x0000000712a00000, 0x0000000712c00000|  0%| F|  |TAMS 0x0000000712a00000, 0x0000000712a00000| Untracked 
| 105|0x0000000712c00000, 0x0000000712c00000, 0x0000000712e00000|  0%| F|  |TAMS 0x0000000712c00000, 0x0000000712c00000| Untracked 
| 106|0x0000000712e00000, 0x0000000712e00000, 0x0000000713000000|  0%| F|  |TAMS 0x0000000712e00000, 0x0000000712e00000| Untracked 
| 107|0x0000000713000000, 0x0000000713000000, 0x0000000713200000|  0%| F|  |TAMS 0x0000000713000000, 0x0000000713000000| Untracked 
| 108|0x0000000713200000, 0x0000000713200000, 0x0000000713400000|  0%| F|  |TAMS 0x0000000713200000, 0x0000000713200000| Untracked 
| 109|0x0000000713400000, 0x0000000713400000, 0x0000000713600000|  0%| F|  |TAMS 0x0000000713400000, 0x0000000713400000| Untracked 
| 110|0x0000000713600000, 0x0000000713600000, 0x0000000713800000|  0%| F|  |TAMS 0x0000000713600000, 0x0000000713600000| Untracked 
| 111|0x0000000713800000, 0x0000000713800000, 0x0000000713a00000|  0%| F|  |TAMS 0x0000000713800000, 0x0000000713800000| Untracked 
| 112|0x0000000713a00000, 0x0000000713a00000, 0x0000000713c00000|  0%| F|  |TAMS 0x0000000713a00000, 0x0000000713a00000| Untracked 
| 113|0x0000000713c00000, 0x0000000713c00000, 0x0000000713e00000|  0%| F|  |TAMS 0x0000000713c00000, 0x0000000713c00000| Untracked 
| 114|0x0000000713e00000, 0x0000000713e00000, 0x0000000714000000|  0%| F|  |TAMS 0x0000000713e00000, 0x0000000713e00000| Untracked 
| 115|0x0000000714000000, 0x0000000714000000, 0x0000000714200000|  0%| F|  |TAMS 0x0000000714000000, 0x0000000714000000| Untracked 
| 116|0x0000000714200000, 0x0000000714200000, 0x0000000714400000|  0%| F|  |TAMS 0x0000000714200000, 0x0000000714200000| Untracked 
| 117|0x0000000714400000, 0x0000000714400000, 0x0000000714600000|  0%| F|  |TAMS 0x0000000714400000, 0x0000000714400000| Untracked 
| 118|0x0000000714600000, 0x0000000714600000, 0x0000000714800000|  0%| F|  |TAMS 0x0000000714600000, 0x0000000714600000| Untracked 
| 119|0x0000000714800000, 0x0000000714800000, 0x0000000714a00000|  0%| F|  |TAMS 0x0000000714800000, 0x0000000714800000| Untracked 
| 120|0x0000000714a00000, 0x0000000714a00000, 0x0000000714c00000|  0%| F|  |TAMS 0x0000000714a00000, 0x0000000714a00000| Untracked 
| 121|0x0000000714c00000, 0x0000000714c00000, 0x0000000714e00000|  0%| F|  |TAMS 0x0000000714c00000, 0x0000000714c00000| Untracked 
| 122|0x0000000714e00000, 0x0000000714e00000, 0x0000000715000000|  0%| F|  |TAMS 0x0000000714e00000, 0x0000000714e00000| Untracked 
| 123|0x0000000715000000, 0x00000007151cb230, 0x0000000715200000| 89%| E|  |TAMS 0x0000000715000000, 0x0000000715000000| Complete 
| 124|0x0000000715200000, 0x0000000715400000, 0x0000000715400000|100%| E|CS|TAMS 0x0000000715200000, 0x0000000715200000| Complete 
| 125|0x0000000715400000, 0x0000000715600000, 0x0000000715600000|100%| E|CS|TAMS 0x0000000715400000, 0x0000000715400000| Complete 

Card table byte_map: [0x00000218e3ae0000,0x00000218e42c0000] _byte_map_base: 0x00000218e02b3000

Marking Bits (Prev, Next): (CMBitMap*) 0x00000218cc4fb4d0, (CMBitMap*) 0x00000218cc4fb510
 Prev Bits: [0x00000218e4aa0000, 0x00000218e8938000)
 Next Bits: [0x00000218e8940000, 0x00000218ec7d8000)

Polling page: 0x00000218ca3d0000

Metaspace:

Usage:
  Non-class:      2.01 MB used.
      Class:    127.05 KB used.
       Both:      2.13 MB used.

Virtual space:
  Non-class space:       64.00 MB reserved,       2.12 MB (  3%) committed,  1 nodes.
      Class space:        1.00 GB reserved,     256.00 KB ( <1%) committed,  1 nodes.
             Both:        1.06 GB reserved,       2.38 MB ( <1%) committed. 

Chunk freelists:
   Non-Class:  2.91 MB
       Class:  3.67 MB
        Both:  6.57 MB

MaxMetaspaceSize: unlimited
CompressedClassSpaceSize: 1.00 GB
Initial GC threshold: 21.00 MB
Current GC threshold: 21.00 MB
CDS: on
MetaspaceReclaimPolicy: balanced
 - commit_granule_bytes: 65536.
 - commit_granule_words: 8192.
 - virtual_space_node_default_size: 8388608.
 - enlarge_chunks_in_place: 1.
 - new_chunks_are_fully_committed: 0.
 - uncommit_free_chunks: 1.
 - use_allocation_guard: 0.


Internal statistics:

num_allocs_failed_limit: 0.
num_arena_births: 64.
num_arena_deaths: 0.
num_vsnodes_births: 2.
num_vsnodes_deaths: 0.
num_space_committed: 38.
num_space_uncommitted: 0.
num_chunks_returned_to_freelist: 0.
num_chunks_taken_from_freelist: 125.
num_chunk_merges: 0.
num_chunk_splits: 78.
num_chunks_enlarged: 51.
num_inconsistent_stats: 0.

CodeHeap 'non-profiled nmethods': size=120000Kb used=133Kb max_used=133Kb free=119866Kb
 bounds [0x00000218db880000, 0x00000218dbaf0000, 0x00000218e2db0000]
CodeHeap 'profiled nmethods': size=120000Kb used=599Kb max_used=599Kb free=119400Kb
 bounds [0x00000218d4350000, 0x00000218d45c0000, 0x00000218db880000]
CodeHeap 'non-nmethods': size=5760Kb used=1536Kb max_used=1550Kb free=4223Kb
 bounds [0x00000218d3db0000, 0x00000218d4020000, 0x00000218d4350000]
 total_blobs=1371 nmethods=438 adapters=846
 compilation: enabled
              stopped_count=0, restarted_count=0
 full_count=0

Compilation events (20 events):
Event: 0.249 Thread 0x00000218ef421d90  428       1       java.security.CodeSource::getLocationNoFragString (5 bytes)
Event: 0.249 Thread 0x00000218ef41c7f0  429       4       java.lang.StringLatin1::equals (36 bytes)
Event: 0.249 Thread 0x00000218ef421d90 nmethod 428 0x00000218db8a0410 code [0x00000218db8a05a0, 0x00000218db8a0678]
Event: 0.249 Thread 0x00000218ef421d90  430       3       java.lang.StringBuilder::append (8 bytes)
Event: 0.249 Thread 0x00000218ef421d90 nmethod 430 0x00000218d43e2a10 code [0x00000218d43e2ba0, 0x00000218d43e2ce8]
Event: 0.249 Thread 0x00000218ef421d90  431       3       java.lang.AbstractStringBuilder::append (55 bytes)
Event: 0.249 Thread 0x00000218ef421d90 nmethod 431 0x00000218d43e2d90 code [0x00000218d43e2f60, 0x00000218d43e3298]
Event: 0.249 Thread 0x00000218ef421d90  432       3       java.util.ArrayDeque::inc (12 bytes)
Event: 0.249 Thread 0x00000218ef421d90 nmethod 432 0x00000218d43e3410 code [0x00000218d43e35a0, 0x00000218d43e36d8]
Event: 0.249 Thread 0x00000218ef421d90  433   !   3       java.util.jar.JarFile::checkForSpecialAttributes (163 bytes)
Event: 0.250 Thread 0x00000218ef421d90 nmethod 433 0x00000218d43e3790 code [0x00000218d43e3aa0, 0x00000218d43e4d38]
Event: 0.251 Thread 0x00000218ef421d90  435       3       sun.misc.Unsafe::putLong (11 bytes)
Event: 0.251 Thread 0x00000218ef421d90 nmethod 435 0x00000218d43e5490 code [0x00000218d43e5620, 0x00000218d43e5738]
Event: 0.251 Thread 0x00000218ef421d90  436       3       org.lwjgl.system.MemoryUtil::memPutAddress (29 bytes)
Event: 0.251 Thread 0x00000218ef41c7f0 nmethod 429 0x00000218db8a0b10 code [0x00000218db8a0c80, 0x00000218db8a0e38]
Event: 0.251 Thread 0x00000218ef41c7f0  437       4       java.lang.Integer::toUnsignedLong (7 bytes)
Event: 0.251 Thread 0x00000218ef421d90 nmethod 436 0x00000218d43e5810 code [0x00000218d43e59c0, 0x00000218d43e5bb8]
Event: 0.251 Thread 0x00000218ef41c7f0 nmethod 437 0x00000218db8a0f10 code [0x00000218db8a1080, 0x00000218db8a10d8]
Event: 0.251 Thread 0x00000218ef41c7f0  438       4       sun.misc.Unsafe::putLong (11 bytes)
Event: 0.251 Thread 0x00000218ef41c7f0 nmethod 438 0x00000218db8a1210 code [0x00000218db8a1380, 0x00000218db8a1418]

GC Heap History (0 events):
No events

Deoptimization events (8 events):
Event: 0.085 Thread 0x00000218cc489e10 Uncommon trap: trap_request=0xffffff45 fr.pc=0x00000218db881228 relative=0x00000000000000a8
Event: 0.085 Thread 0x00000218cc489e10 Uncommon trap: reason=unstable_if action=reinterpret pc=0x00000218db881228 method=java.lang.String.isLatin1()Z @ 10 c2
Event: 0.085 Thread 0x00000218cc489e10 DEOPT PACKING pc=0x00000218db881228 sp=0x000000d4f73ff210
Event: 0.085 Thread 0x00000218cc489e10 DEOPT UNPACKING pc=0x00000218d3e023a3 sp=0x000000d4f73ff150 mode 2
Event: 0.183 Thread 0x00000218cc489e10 DEOPT PACKING pc=0x00000218d4367fe7 sp=0x000000d4f73fcd80
Event: 0.183 Thread 0x00000218cc489e10 DEOPT UNPACKING pc=0x00000218d3e02b43 sp=0x000000d4f73fc1a0 mode 0
Event: 0.186 Thread 0x00000218cc489e10 DEOPT PACKING pc=0x00000218d43575d1 sp=0x000000d4f73fd500
Event: 0.186 Thread 0x00000218cc489e10 DEOPT UNPACKING pc=0x00000218d3e02b43 sp=0x000000d4f73fc978 mode 0

Classes loaded (20 events):
Event: 0.208 Loading class java/nio/DirectCharBufferU
Event: 0.208 Loading class java/nio/DirectCharBufferU done
Event: 0.208 Loading class java/nio/DirectFloatBufferU
Event: 0.208 Loading class java/nio/DirectFloatBufferU done
Event: 0.208 Loading class java/nio/DirectDoubleBufferU
Event: 0.209 Loading class java/nio/DirectDoubleBufferU done
Event: 0.209 Loading class sun/misc/Unsafe
Event: 0.209 Loading class sun/misc/Unsafe done
Event: 0.210 Loading class java/lang/invoke/DirectMethodHandle$StaticAccessor
Event: 0.210 Loading class java/lang/invoke/DirectMethodHandle$StaticAccessor done
Event: 0.212 Loading class java/util/function/LongPredicate
Event: 0.212 Loading class java/util/function/LongPredicate done
Event: 0.213 Loading class jdk/internal/access/foreign/MemorySegmentProxy
Event: 0.213 Loading class jdk/internal/access/foreign/MemorySegmentProxy done
Event: 0.217 Loading class java/nio/InvalidMarkException
Event: 0.217 Loading class java/nio/InvalidMarkException done
Event: 0.217 Loading class java/nio/BufferUnderflowException
Event: 0.217 Loading class java/nio/BufferUnderflowException done
Event: 0.218 Loading class java/lang/IndexOutOfBoundsException
Event: 0.218 Loading class java/lang/IndexOutOfBoundsException done

Classes unloaded (0 events):
No events

Classes redefined (0 events):
No events

Internal exceptions (20 events):
Event: 0.147 Thread 0x00000218cc489e10 Exception <a 'java/lang/NoSuchMethodError'{0x0000000715296ea8}: 'void java.lang.invoke.DelegatingMethodHandle$Holder.delegate(java.lang.Object, java.lang.Object, int, java.lang.Object)'> (0x0000000715296ea8) 
thrown [s\open\src\hotspot\share\interpreter\linkResolver.cpp, line 759]
Event: 0.148 Thread 0x00000218cc489e10 Exception <a 'java/lang/NoSuchMethodError'{0x000000071529b0f0}: 'int java.lang.invoke.DirectMethodHandle$Holder.invokeSpecial(java.lang.Object, java.lang.Object, java.lang.Object)'> (0x000000071529b0f0) 
thrown [s\open\src\hotspot\share\interpreter\linkResolver.cpp, line 759]
Event: 0.150 Thread 0x00000218cc489e10 Exception <a 'java/lang/NoSuchMethodError'{0x00000007152b7400}: 'void java.lang.System.loadLibrary(java.lang.String, java.lang.Class)'> (0x00000007152b7400) 
thrown [s\open\src\hotspot\share\interpreter\linkResolver.cpp, line 759]
Event: 0.170 Thread 0x00000218cc489e10 Exception <a 'sun/nio/fs/WindowsException'{0x00000007152fbeb0}> (0x00000007152fbeb0) 
thrown [s\open\src\hotspot\share\prims\jni.cpp, line 516]
Event: 0.170 Thread 0x00000218cc489e10 Exception <a 'sun/nio/fs/WindowsException'{0x00000007152fc410}> (0x00000007152fc410) 
thrown [s\open\src\hotspot\share\prims\jni.cpp, line 516]
Event: 0.202 Thread 0x00000218cc489e10 Exception <a 'sun/nio/fs/WindowsException'{0x00000007153fd670}> (0x00000007153fd670) 
thrown [s\open\src\hotspot\share\prims\jni.cpp, line 516]
Event: 0.202 Thread 0x00000218cc489e10 Exception <a 'sun/nio/fs/WindowsException'{0x00000007153fd9f0}> (0x00000007153fd9f0) 
thrown [s\open\src\hotspot\share\prims\jni.cpp, line 516]
Event: 0.207 Thread 0x00000218cc489e10 Exception <a 'java/lang/NoSuchMethodError'{0x000000071502f9e8}: 'java.lang.Object java.lang.invoke.DirectMethodHandle$Holder.invokeStaticInit(java.lang.Object)'> (0x000000071502f9e8) 
thrown [s\open\src\hotspot\share\interpreter\linkResolver.cpp, line 759]
Event: 0.212 Thread 0x00000218cc489e10 Exception <a 'java/lang/NoSuchMethodError'{0x000000071504cec8}: 'int java.lang.invoke.DirectMethodHandle$Holder.invokeStaticInit(java.lang.Object, java.lang.Object, int, long)'> (0x000000071504cec8) 
thrown [s\open\src\hotspot\share\interpreter\linkResolver.cpp, line 759]
Event: 0.213 Thread 0x00000218cc489e10 Exception <a 'java/lang/NoSuchMethodError'{0x0000000715052790}: 'java.lang.Object java.lang.invoke.DirectMethodHandle$Holder.newInvokeSpecial(java.lang.Object, java.lang.Object, int)'> (0x0000000715052790) 
thrown [s\open\src\hotspot\share\interpreter\linkResolver.cpp, line 759]
Event: 0.214 Thread 0x00000218cc489e10 Exception <a 'java/lang/NoSuchMethodError'{0x00000007150610f8}: 'int java.lang.invoke.DirectMethodHandle$Holder.invokeStaticInit(java.lang.Object, java.lang.Object, long, long)'> (0x00000007150610f8) 
thrown [s\open\src\hotspot\share\interpreter\linkResolver.cpp, line 759]
Event: 0.215 Thread 0x00000218cc489e10 Exception <a 'java/lang/NoSuchMethodError'{0x0000000715067208}: 'java.lang.Object java.lang.invoke.DirectMethodHandle$Holder.newInvokeSpecial(java.lang.Object, java.lang.Object, long)'> (0x0000000715067208) 
thrown [s\open\src\hotspot\share\interpreter\linkResolver.cpp, line 759]
Event: 0.216 Thread 0x00000218cc489e10 Exception <a 'java/lang/NoSuchMethodError'{0x000000071506b508}: 'java.lang.Object java.lang.invoke.Invokers$Holder.linkToTargetMethod(java.lang.Object, long, java.lang.Object)'> (0x000000071506b508) 
thrown [s\open\src\hotspot\share\interpreter\linkResolver.cpp, line 759]
Event: 0.216 Thread 0x00000218cc489e10 Exception <a 'java/lang/NoSuchMethodError'{0x0000000715072ed8}: 'int java.lang.invoke.DirectMethodHandle$Holder.invokeStaticInit(java.lang.Object, java.lang.Object, java.lang.Object, long)'> (0x0000000715072ed8) 
thrown [s\open\src\hotspot\share\interpreter\linkResolver.cpp, line 759]
Event: 0.239 Thread 0x00000218cc489e10 Exception <a 'java/lang/NoSuchMethodError'{0x000000071512c960}: 'void java.lang.System.load(java.lang.String, java.lang.Class)'> (0x000000071512c960) 
thrown [s\open\src\hotspot\share\interpreter\linkResolver.cpp, line 759]
Event: 0.240 Thread 0x00000218cc489e10 Exception <a 'java/lang/NoSuchMethodError'{0x000000071512f7f0}: 'void java.lang.System.loadLibrary(java.lang.String, java.lang.Class)'> (0x000000071512f7f0) 
thrown [s\open\src\hotspot\share\interpreter\linkResolver.cpp, line 759]
Event: 0.244 Thread 0x00000218cc489e10 Exception <a 'sun/nio/fs/WindowsException'{0x000000071513ef08}> (0x000000071513ef08) 
thrown [s\open\src\hotspot\share\prims\jni.cpp, line 516]
Event: 0.244 Thread 0x00000218cc489e10 Exception <a 'sun/nio/fs/WindowsException'{0x000000071513f2c8}> (0x000000071513f2c8) 
thrown [s\open\src\hotspot\share\prims\jni.cpp, line 516]
Event: 0.246 Thread 0x00000218cc489e10 Exception <a 'sun/nio/fs/WindowsException'{0x00000007151446e8}> (0x00000007151446e8) 
thrown [s\open\src\hotspot\share\prims\jni.cpp, line 516]
Event: 0.246 Thread 0x00000218cc489e10 Exception <a 'sun/nio/fs/WindowsException'{0x00000007151449e0}> (0x00000007151449e0) 
thrown [s\open\src\hotspot\share\prims\jni.cpp, line 516]

VM Operations (2 events):
Event: 0.101 Executing VM operation: HandshakeAllThreads
Event: 0.101 Executing VM operation: HandshakeAllThreads done

Events (20 events):
Event: 0.013 Loaded shared library C:\Program Files\Java\jdk-18.0.2.1\bin\java.dll
Event: 0.021 Loaded shared library C:\Program Files\Java\jdk-18.0.2.1\bin\jsvml.dll
Event: 0.022 Thread 0x00000218cc489e10 Thread added: 0x00000218cc489e10
Event: 0.023 Thread 0x00000218ef3f5600 Thread added: 0x00000218ef3f5600
Event: 0.023 Thread 0x00000218ef3f6ec0 Thread added: 0x00000218ef3f6ec0
Event: 0.038 Thread 0x00000218ef40fc40 Thread added: 0x00000218ef40fc40
Event: 0.038 Thread 0x00000218ef412200 Thread added: 0x00000218ef412200
Event: 0.038 Thread 0x00000218ef413ac0 Thread added: 0x00000218ef413ac0
Event: 0.038 Thread 0x00000218ef418bf0 Thread added: 0x00000218ef418bf0
Event: 0.038 Thread 0x00000218ef41c7f0 Thread added: 0x00000218ef41c7f0
Event: 0.038 Thread 0x00000218ef421d90 Thread added: 0x00000218ef421d90
Event: 0.038 Thread 0x00000218ef4355a0 Thread added: 0x00000218ef4355a0
Event: 0.084 Thread 0x00000218f38d6180 Thread added: 0x00000218f38d6180
Event: 0.087 Thread 0x00000218f38de2a0 Thread added: 0x00000218f38de2a0
Event: 0.092 Loaded shared library C:\Program Files\Java\jdk-18.0.2.1\bin\net.dll
Event: 0.096 Loaded shared library C:\Program Files\Java\jdk-18.0.2.1\bin\nio.dll
Event: 0.098 Loaded shared library C:\Program Files\Java\jdk-18.0.2.1\bin\zip.dll
Event: 0.154 Loaded shared library C:\Program Files\Java\jdk-18.0.2.1\bin\jimage.dll
Event: 0.171 Loaded shared library C:\Users\mgalasi\AppData\Local\Temp\lwjglmgalasi\3.3.1-build-7\lwjgl.dll
Event: 0.245 Loaded shared library C:\Users\mgalasi\AppData\Local\Temp\lwjglmgalasi\3.3.1-build-7\lwjgl_opengl.dll


Dynamic libraries:
0x00007ff648950000 - 0x00007ff648960000 	C:\Program Files\Java\jdk-18.0.2.1\bin\javaw.exe
0x00007ffe47940000 - 0x00007ffe47ba3000 	C:\WINDOWS\SYSTEM32\ntdll.dll
0x00007ffe46ae0000 - 0x00007ffe46ba7000 	C:\WINDOWS\System32\KERNEL32.DLL
0x00007ffe44fc0000 - 0x00007ffe45387000 	C:\WINDOWS\System32\KERNELBASE.dll
0x00007ffe44dd0000 - 0x00007ffe44f1c000 	C:\WINDOWS\System32\ucrtbase.dll
0x00007ffe32280000 - 0x00007ffe32298000 	C:\Program Files\Java\jdk-18.0.2.1\bin\jli.dll
0x00007ffe475f0000 - 0x00007ffe476a4000 	C:\WINDOWS\System32\ADVAPI32.dll
0x00007ffe320f0000 - 0x00007ffe3210a000 	C:\Program Files\Java\jdk-18.0.2.1\bin\VCRUNTIME140.dll
0x00007ffe45790000 - 0x00007ffe45839000 	C:\WINDOWS\System32\msvcrt.dll
0x00007ffe46d90000 - 0x00007ffe46e36000 	C:\WINDOWS\System32\sechost.dll
0x00007ffe468b0000 - 0x00007ffe469c6000 	C:\WINDOWS\System32\RPCRT4.dll
0x00007ffe47730000 - 0x00007ffe478f9000 	C:\WINDOWS\System32\USER32.dll
0x00007ffe44da0000 - 0x00007ffe44dc7000 	C:\WINDOWS\System32\win32u.dll
0x00007ffe466a0000 - 0x00007ffe466ca000 	C:\WINDOWS\System32\GDI32.dll
0x00007ffe45650000 - 0x00007ffe4577b000 	C:\WINDOWS\System32\gdi32full.dll
0x00007ffe23970000 - 0x00007ffe23c00000 	C:\WINDOWS\WinSxS\amd64_microsoft.windows.common-controls_6595b64144ccf1df_6.0.26100.3037_none_3e09262ce333c378\COMCTL32.dll
0x00007ffe45390000 - 0x00007ffe45433000 	C:\WINDOWS\System32\msvcp_win.dll
0x00007ffe31fb0000 - 0x00007ffe31fbb000 	C:\WINDOWS\SYSTEM32\VERSION.dll
0x00007ffe46870000 - 0x00007ffe4689f000 	C:\WINDOWS\System32\IMM32.DLL
0x00007ffe36210000 - 0x00007ffe3621c000 	C:\Program Files\Java\jdk-18.0.2.1\bin\vcruntime140_1.dll
0x00007ffe1fa80000 - 0x00007ffe1fb0d000 	C:\Program Files\Java\jdk-18.0.2.1\bin\msvcp140.dll
0x00007ffd9ae90000 - 0x00007ffd9baa1000 	C:\Program Files\Java\jdk-18.0.2.1\bin\server\jvm.dll
0x00007ffe45780000 - 0x00007ffe45788000 	C:\WINDOWS\System32\PSAPI.DLL
0x00007ffe41be0000 - 0x00007ffe41c16000 	C:\WINDOWS\SYSTEM32\WINMM.dll
0x00007ffe15450000 - 0x00007ffe1545a000 	C:\WINDOWS\SYSTEM32\WSOCK32.dll
0x00007ffe47060000 - 0x00007ffe470d4000 	C:\WINDOWS\System32\WS2_32.dll
0x00007ffe439a0000 - 0x00007ffe439ba000 	C:\WINDOWS\SYSTEM32\kernel.appcore.dll
0x00007ffe3eed0000 - 0x00007ffe3eeda000 	C:\Program Files\Java\jdk-18.0.2.1\bin\jimage.dll
0x00007ffe420e0000 - 0x00007ffe42321000 	C:\WINDOWS\SYSTEM32\DBGHELP.DLL
0x00007ffe45b00000 - 0x00007ffe45e7e000 	C:\WINDOWS\System32\combase.dll
0x00007ffe465c0000 - 0x00007ffe46696000 	C:\WINDOWS\System32\OLEAUT32.dll
0x00007ffe1dfe0000 - 0x00007ffe1e019000 	C:\WINDOWS\SYSTEM32\dbgcore.DLL
0x00007ffe44f20000 - 0x00007ffe44fb9000 	C:\WINDOWS\System32\bcryptPrimitives.dll
0x00007ffe32250000 - 0x00007ffe32275000 	C:\Program Files\Java\jdk-18.0.2.1\bin\java.dll
0x00007ffe24910000 - 0x00007ffe249e6000 	C:\Program Files\Java\jdk-18.0.2.1\bin\jsvml.dll
0x00007ffe45e90000 - 0x00007ffe46594000 	C:\WINDOWS\System32\SHELL32.dll
0x00007ffe42670000 - 0x00007ffe42ea7000 	C:\WINDOWS\SYSTEM32\windows.storage.dll
0x00007ffe458a0000 - 0x00007ffe45989000 	C:\WINDOWS\System32\SHCORE.dll
0x00007ffe45a10000 - 0x00007ffe45a6d000 	C:\WINDOWS\System32\shlwapi.dll
0x00007ffe44bf0000 - 0x00007ffe44c1e000 	C:\WINDOWS\SYSTEM32\profapi.dll
0x00007ffe32190000 - 0x00007ffe321a3000 	C:\Program Files\Java\jdk-18.0.2.1\bin\net.dll
0x00007ffe439c0000 - 0x00007ffe43ade000 	C:\WINDOWS\SYSTEM32\WINHTTP.dll
0x00007ffe43fc0000 - 0x00007ffe44028000 	C:\WINDOWS\system32\mswsock.dll
0x00007ffe32170000 - 0x00007ffe32186000 	C:\Program Files\Java\jdk-18.0.2.1\bin\nio.dll
0x00007ffe32230000 - 0x00007ffe32248000 	C:\Program Files\Java\jdk-18.0.2.1\bin\zip.dll
0x00007ffe20210000 - 0x00007ffe20285000 	C:\Users\mgalasi\AppData\Local\Temp\lwjglmgalasi\3.3.1-build-7\lwjgl.dll
0x00007ffe1fff0000 - 0x00007ffe20051000 	C:\Users\mgalasi\AppData\Local\Temp\lwjglmgalasi\3.3.1-build-7\glfw.dll
0x00007ffe1f9b0000 - 0x00007ffe1f9fb000 	C:\WINDOWS\SYSTEM32\dinput8.dll
0x00007ffe25f10000 - 0x00007ffe25f22000 	C:\WINDOWS\SYSTEM32\xinput1_4.dll
0x00007ffe44830000 - 0x00007ffe4485d000 	C:\WINDOWS\SYSTEM32\DEVOBJ.dll
0x00007ffe44860000 - 0x00007ffe448bf000 	C:\WINDOWS\SYSTEM32\cfgmgr32.dll
0x00007ffe41600000 - 0x00007ffe4162e000 	C:\WINDOWS\SYSTEM32\dwmapi.dll
0x00007ffe277d0000 - 0x00007ffe279ae000 	C:\WINDOWS\SYSTEM32\inputhost.dll
0x00007ffe40640000 - 0x00007ffe40765000 	C:\WINDOWS\SYSTEM32\CoreMessaging.dll
0x00007ffe41310000 - 0x00007ffe413bd000 	C:\WINDOWS\system32\uxtheme.dll
0x00007ffe46e40000 - 0x00007ffe46f9c000 	C:\WINDOWS\System32\MSCTF.dll
0x00007ffe441f0000 - 0x00007ffe441fc000 	C:\WINDOWS\SYSTEM32\CRYPTBASE.DLL
0x00007ffe0d690000 - 0x00007ffe0d6ed000 	C:\Users\mgalasi\AppData\Local\Temp\lwjglmgalasi\3.3.1-build-7\lwjgl_opengl.dll
0x00007ffe14ad0000 - 0x00007ffe14bdc000 	C:\WINDOWS\SYSTEM32\opengl32.dll
0x00007ffe142b0000 - 0x00007ffe142dd000 	C:\WINDOWS\SYSTEM32\GLU32.dll
0x00007ffe41400000 - 0x00007ffe41447000 	C:\WINDOWS\SYSTEM32\dxcore.dll

dbghelp: loaded successfully - version: 4.0.5 - missing functions: none
symbol engine: initialized successfully - sym options: 0x614 - pdb path: .;C:\Program Files\Java\jdk-18.0.2.1\bin;C:\WINDOWS\SYSTEM32;C:\WINDOWS\WinSxS\amd64_microsoft.windows.common-controls_6595b64144ccf1df_6.0.26100.3037_none_3e09262ce333c378;C:\Program Files\Java\jdk-18.0.2.1\bin\server;C:\Users\mgalasi\AppData\Local\Temp\lwjglmgalasi\3.3.1-build-7

VM Arguments:
jvm_args: -Dfile.encoding=UTF-8 -Dstdout.encoding=UTF-8 -Dstderr.encoding=UTF-8 -XX:+ShowCodeDetailsInExceptionMessages 
java_command: com.minecraftclone.Main
java_class_path (initial): C:\devops\MinecraftClone\target\classes;C:\devops\MinecraftClone\libs\OpenSimplexNoise.jar;C:\Users\mgalasi\.m2\repository\org\joml\joml\1.10.5\joml-1.10.5.jar;C:\Users\mgalasi\.m2\repository\org\lwjgl\lwjgl\3.3.1\lwjgl-3.3.1.jar;C:\Users\mgalasi\.m2\repository\org\lwjgl\lwjgl\3.3.1\lwjgl-3.3.1-natives-windows.jar;C:\Users\mgalasi\.m2\repository\org\lwjgl\lwjgl-glfw\3.3.1\lwjgl-glfw-3.3.1.jar;C:\Users\mgalasi\.m2\repository\org\lwjgl\lwjgl-glfw\3.3.1\lwjgl-glfw-3.3.1-natives-windows.jar;C:\Users\mgalasi\.m2\repository\org\lwjgl\lwjgl-opengl\3.3.1\lwjgl-opengl-3.3.1.jar;C:\Users\mgalasi\.m2\repository\org\lwjgl\lwjgl-opengl\3.3.1\lwjgl-opengl-3.3.1-natives-windows.jar;C:\Users\mgalasi\.m2\repository\org\lwjgl\lwjgl-stb\3.3.1\lwjgl-stb-3.3.1.jar;C:\Users\mgalasi\.m2\repository\org\lwjgl\lwjgl-stb\3.3.1\lwjgl-stb-3.3.1-natives-windows.jar;C:\Users\mgalasi\.m2\repository\org\lwjgl\lwjgl-openal\3.3.1\lwjgl-openal-3.3.1.jar;C:\Users\mgalasi\.m2\repository\org\lwjgl\lwjgl-openal\3.3.1\lwjgl-openal-3.3.1-natives-windows.jar;C:\Users\mgalasi\.m2\repository\io\netty\netty-all\4.1.86.Final\netty-all-4.1.86.Final.jar;C:\Users\mgalasi\.m2\repository\io\netty\netty-buffer\4.1.86.Final\netty-buffer-4.1.86.Final.jar;C:\Users\mgalasi\.m2\repository\io\netty\netty-codec\4.1.86.Final\netty-codec-4.1.86.Final.jar;C:\Users\mgalasi\.m2\repository\io\netty\netty-codec-dns\4.1.86.Final\netty-codec-dns-4.1.86.Final.jar;C:\Users\mgalasi\.m2\repository\io\netty\netty-codec-haproxy\4.1.86.Final\netty-codec-haproxy-4.1.86.Final.jar;C:\Users\mgalasi\.m2\repository\io\netty\netty-codec-http\4.1.86.Final\netty-codec-http-4.1.86.Final.jar;C:\Users\mgalasi\.m2\repository\io\netty\netty-codec-http2\4.1.86.Final\netty-codec-http2-4.1.86.Final.jar;C:\Users\mgalasi\.m2\repository\io\netty\netty-codec-memcache\4.1.86.Final\netty-codec-memcache-4.1.86.Final.jar;C:\Users\mgalasi\.m2\repository\io\netty\netty-codec-mqtt\4.1.86.Final\netty-codec-mqtt-4.1.86.Final.jar;C:\Users\mgalasi\.m2\repository\io\netty\netty-codec-redis\4.1.86.Final\netty-codec-redis-4.1.86.Final.jar;C:\Users\mgalasi\.m2\repository\io\netty\netty-codec-smtp\4.1.86.Final\netty-codec-smtp-4.1.86.Final.jar;C:\Users\mgalasi\.m2\repository\io\netty\netty-codec-socks\4.1.86.Final\netty-codec-socks-4.1.86.Final.jar;C:\Users\mgalasi\.m2\repository\io\netty\netty-codec-stomp\4.1.86.Final\netty-codec-stomp-4.1.86.Final.jar;C:\Users\mgalasi\.m2\repository\io\netty\netty-codec-xml\4.1.86.Final\netty-codec-xml-4.1.86.Final.jar;C:\Users\mgalasi\.m2\repository\io\netty\netty-common\4.1.86.Final\netty-common-4.1.86.Final.jar;C:\Users\mgalasi\.m2\repository\io\netty\netty-handler\4.1.86.Final\netty-handler-4.1.86.Final.jar;C:\Users\mgalasi\.m2\repository\io\netty\netty-transport-native-unix-common\4.1.86.Final\netty-transport-native-unix-common-4.1.86.Final.jar;C:\Users\mgalasi\.m2\repository\io\netty\netty-handler-proxy\4.1.86.Final\netty-handler-proxy-4.1.86.Final.jar;C:\Users\mgalasi\.m2\repository\io\netty\netty-handler-ssl-ocsp\4.1.86.Final\netty-handler-ssl-ocsp-4.1.86.Final.jar;C:\Users\mgalasi\.m2\repository\io\netty\netty-resolver\4.1.86.Final\netty-resolver-4.1.86.Final.jar;C:\Users\mgalasi\.m2\repository\io\netty\netty-resolver-dns\4.1.86.Final\netty-resolver-dns-4.1.86.Final.jar;C:\Users\mgalasi\.m2\repository\io\netty\netty-transport\4.1.86.Final\netty-transport-4.1.86.Final.jar;C:\Users\mgalasi\.m2\repository\io\netty\netty-transport-rxtx\4.1.86.Final\netty-transport-rxtx-4.1.86.Final.jar;C:\Users\mgalasi\.m2\repository\io\netty\netty-transport-sctp\4.1.86.Final\netty-transport-sctp-4.1.86.Final.jar;C:\Users\mgalasi\.m2\repository\io\netty\netty-transport-udt\4.1.86.Final\netty-transport-udt-4.1.86.Final.jar;C:\Users\mgalasi\.m2\repository\io\netty\netty-transport-classes-epoll\4.1.86.Final\netty-transport-classes-epoll-4.1.86.Final.jar;C:\Users\mgalasi\.m2\repository\io\netty\netty-transport-classes-kqueue\4.1.86.Final\netty-transport-classes-kqueue-4.1.86.Final.jar;C:\Users\mgalasi\.m2\repository\io\netty\netty-resolver-dns-classes-macos\4.1.86.Final\netty-resolver-dns-classes-macos-4.1.86.Final.jar;C:\Users\mgalasi\.m2\repository\io\netty\netty-transport-native-epoll\4.1.86.Final\netty-transport-native-epoll-4.1.86.Final-linux-x86_64.jar;C:\Users\mgalasi\.m2\repository\io\netty\netty-transport-native-epoll\4.1.86.Final\netty-transport-native-epoll-4.1.86.Final-linux-aarch_64.jar;C:\Users\mgalasi\.m2\repository\io\netty\netty-transport-native-kqueue\4.1.86.Final\netty-transport-native-kqueue-4.1.86.Final-osx-x86_64.jar;C:\Users\mgalasi\.m2\repository\io\netty\netty-transport-native-kqueue\4.1.86.Final\netty-transport-native-kqueue-4.1.86.Final-osx-aarch_64.jar;C:\Users\mgalasi\.m2\repository\io\netty\netty-resolver-dns-native-macos\4.1.86.Final\netty-resolver-dns-native-macos-4.1.86.Final-osx-x86_64.jar;C:\Users\mgalasi\.m2\repository\io\netty\netty-resolver-dns-native-macos\4.1.86.Final\netty-resolver-dns-native-macos-4.1.86.Final-osx-aarch_64.jar;C:\Users\mgalasi\.m2\repository\com\google\code\gson\gson\2.10.1\gson-2.10.1.jar
Launcher Type: SUN_STANDARD

[Global flags]
     intx CICompilerCount                          = 4                                         {product} {ergonomic}
     uint ConcGCThreads                            = 3                                         {product} {ergonomic}
     uint G1ConcRefinementThreads                  = 10                                        {product} {ergonomic}
   size_t G1HeapRegionSize                         = 2097152                                   {product} {ergonomic}
    uintx GCDrainStackTargetSize                   = 64                                        {product} {ergonomic}
   size_t InitialHeapSize                          = 264241152                                 {product} {ergonomic}
   size_t MarkStackSize                            = 4194304                                   {product} {ergonomic}
   size_t MaxHeapSize                              = 4200595456                                {product} {ergonomic}
   size_t MaxNewSize                               = 2518679552                                {product} {ergonomic}
   size_t MinHeapDeltaBytes                        = 2097152                                   {product} {ergonomic}
   size_t MinHeapSize                              = 8388608                                   {product} {ergonomic}
    uintx NonNMethodCodeHeapSize                   = 5839372                                {pd product} {ergonomic}
    uintx NonProfiledCodeHeapSize                  = 122909434                              {pd product} {ergonomic}
    uintx ProfiledCodeHeapSize                     = 122909434                              {pd product} {ergonomic}
    uintx ReservedCodeCacheSize                    = 251658240                              {pd product} {ergonomic}
     bool SegmentedCodeCache                       = true                                      {product} {ergonomic}
     bool ShowCodeDetailsInExceptionMessages       = true                                   {manageable} {command line}
   size_t SoftMaxHeapSize                          = 4200595456                             {manageable} {ergonomic}
     bool UseCompressedClassPointers               = true                           {product lp64_product} {ergonomic}
     bool UseCompressedOops                        = true                           {product lp64_product} {ergonomic}
     bool UseG1GC                                  = true                                      {product} {ergonomic}
     bool UseLargePagesIndividualAllocation        = false                                  {pd product} {ergonomic}

Logging:
Log output configuration:
 #0: stdout all=warning uptime,level,tags foldmultilines=false
 #1: stderr all=off uptime,level,tags foldmultilines=false

Environment Variables:
PATH=C:/Program Files/Java/jdk-18.0.2.1/bin/server;C:/Program Files/Java/jdk-18.0.2.1/bin;C:\Program Files (x86)\VMware\VMware Player\bin\;C:\WINDOWS\system32;C:\WINDOWS;C:\WINDOWS\System32\Wbem;C:\WINDOWS\System32\WindowsPowerShell\v1.0\;C:\WINDOWS\System32\OpenSSH\;C:\Program Files\Microsoft SQL Server\130\Tools\Binn\;C:\apache-maven-3.9.5\bin;C:\Users\mgalasi\AppData\Local\Programs\Python\Python312;C:\Users\mgalasi\AppData\Local\Programs\Python\Python312\Scripts;C:\Program Files\Microsoft SQL Server\150\Tools\Binn\;C:\Program Files\Microsoft SQL Server\Client SDK\ODBC\170\Tools\Binn\;C:\Program Files\dotnet\;C:\Program Files (x86)\Windows Kits\10\Windows Performance Toolkit\;C:\xampp\php;C:\ProgramData\ComposerSetup\bin;C:\Program Files\Git\cmd;C:\Program Files (x86)\PDFtk\bin\;C:\Program Files\Docker\Docker\resources\bin;C:\Program Files\Java\jdk-18.0.2.1\bin;C:\Program Files\nodejs\;C:\Users\mgalasi\AppData\Local\Programs\Python\Python313\Scripts\;C:\Users\mgalasi\AppData\Local\Programs\Python\Python313\;C:\Users\mgalasi\AppData\Local\Programs\Python\Launcher\;C:\Users\mgalasi\AppData\Local\Microsoft\PowerAppsCLI\;C:\Program Files\MySQL\MySQL Shell 8.0\bin\;C:\Users\mgalasi\AppData\Local\Microsoft\WindowsApps;C:\Users\mgalasi\AppData\Local\Programs\Microsoft VS Code\bin;C:\Users\mgalasi\AppData\Local\atom\bin;C:\Users\mgalasi\.dotnet\tools;C:\Users\mgalasi\AppData\Roaming\Composer\vendor\bin;C:\Users\mgalasi\AppData\Local\Microsoft\WindowsApps;C:\Users\mgalasi\AppData\Local\Google\Cloud SDK\google-cloud-sdk\bin;C:\Users\mgalasi\AppData\Roaming\npm;C:\Users\mgalasi\eclipse\jee-2023-09\eclipse;
USERNAME=mgalasi
OS=Windows_NT
PROCESSOR_IDENTIFIER=Intel64 Family 6 Model 186 Stepping 3, GenuineIntel



---------------  S Y S T E M  ---------------

OS:
 Windows 11 , 64 bit Build 26100 (10.0.26100.3037)
OS uptime: 0 days 22:20 hours
Hyper-V role detected

CPU: total 12 (initial active 12) (6 cores per cpu, 2 threads per core) family 6 model 186 stepping 3 microcode 0x4122, cx8, cmov, fxsr, ht, mmx, 3dnowpref, sse, sse2, sse3, ssse3, sse4.1, sse4.2, popcnt, lzcnt, tsc, tscinvbit, avx, avx2, aes, erms, clmul, bmi1, bmi2, adx, sha, fma, vzeroupper, clflush, clflushopt, clwb, hv, serialize

Memory: 4k page, system-wide physical 16016M (2610M free)
TotalPageFile size 48784M (AvailPageFile size 16093M)
current process WorkingSet (physical memory assigned to process): 49M, peak: 49M
current process commit charge ("private bytes"): 350M, peak: 350M

vm_info: Java HotSpot(TM) 64-Bit Server VM (18.0.2.1+1-1) for windows-amd64 JRE (18.0.2.1+1-1), built on Aug 16 2022 01:46:33 by "mach5one" with MS VC++ 16.8 / 16.9 (VS2019)

END.
